{
  "RSpec": {
    "coverage": {
      "/home/phu/Documents/RoRTraining/spec/models/post_spec.rb": [
        1,
        null,
        1,
        1,
        1,
        1,
        null,
        null
      ],
      "/home/phu/Documents/RoRTraining/spec/rails_helper.rb": [
        null,
        1,
        1,
        null,
        1,
        1,
        1,
        null,
        null,
        null,
        null,
        null,
        null,
        null,
        null,
        null,
        null,
        null,
        null,
        null,
        null,
        null,
        null,
        null,
        null,
        null,
        1,
        null,
        1,
        null,
        1,
        null,
        null,
        null,
        null,
        1,
        null,
        null,
        null,
        null,
        null,
        null,
        null,
        null,
        null,
        null,
        null,
        null,
        null,
        null,
        1,
        null
      ],
      "/home/phu/Documents/RoRTraining/config/environment.rb": [
        null,
        1,
        null,
        null,
        1
      ],
      "/home/phu/Documents/RoRTraining/config/application.rb": [
        1,
        null,
        1,
        null,
        null,
        null,
        1,
        null,
        1,
        1,
        null,
        null,
        null,
        null,
        null,
        null,
        null,
        null,
        null,
        null,
        null,
        null,
        null,
        1,
        null,
        null
      ],
      "/home/phu/Documents/RoRTraining/config/boot.rb": [
        1,
        null,
        1
      ],
      "/home/phu/Documents/RoRTraining/config/environments/test.rb": [
        1,
        null,
        null,
        null,
        null,
        null,
        null,
        1,
        null,
        null,
        null,
        null,
        1,
        null,
        null,
        1,
        1,
        null,
        null,
        1,
        1,
        null,
        null,
        1,
        null,
        null,
        1,
        null,
        null,
        null,
        null,
        1,
        null,
        null,
        1,
        null,
        null,
        1,
        null,
        null,
        null,
        null
      ],
      "/home/phu/Documents/RoRTraining/config/initializers/assets.rb": [
        null,
        null,
        null,
        1,
        null,
        null,
        null,
        null,
        null,
        null,
        null
      ],
      "/home/phu/Documents/RoRTraining/config/initializers/backtrace_silencers.rb": [
        null,
        null,
        null,
        null,
        null,
        null,
        null
      ],
      "/home/phu/Documents/RoRTraining/config/initializers/cookies_serializer.rb": [
        null,
        null,
        1
      ],
      "/home/phu/Documents/RoRTraining/config/initializers/filter_parameter_logging.rb": [
        null,
        null,
        null,
        1
      ],
      "/home/phu/Documents/RoRTraining/config/initializers/inflections.rb": [
        null,
        null,
        null,
        null,
        null,
        null,
        null,
        null,
        null,
        null,
        null,
        null,
        null,
        null,
        null,
        null
      ],
      "/home/phu/Documents/RoRTraining/config/initializers/mime_types.rb": [
        null,
        null,
        null,
        null
      ],
      "/home/phu/Documents/RoRTraining/config/initializers/session_store.rb": [
        null,
        null,
        1
      ],
      "/home/phu/Documents/RoRTraining/config/initializers/wrap_parameters.rb": [
        null,
        null,
        null,
        null,
        null,
        null,
        1,
        1,
        null,
        null,
        null,
        null,
        null,
        null
      ],
      "/home/phu/Documents/RoRTraining/config/routes.rb": [
        1,
        null,
        null,
        null,
        null,
        null,
        null,
        null,
        null,
        null,
        null,
        null,
        null,
        null,
        null,
        null,
        null,
        null,
        null,
        null,
        null,
        null,
        null,
        null,
        null,
        null,
        null,
        null,
        null,
        null,
        null,
        null,
        null,
        null,
        null,
        null,
        null,
        null,
        null,
        null,
        null,
        null,
        null,
        null,
        null,
        null,
        null,
        null,
        null,
        null,
        null,
        null,
        null,
        null,
        null,
        1,
        null
      ],
      "/home/phu/Documents/RoRTraining/app/helpers/application_helper.rb": [
        1,
        null
      ],
      "/home/phu/Documents/RoRTraining/app/helpers/posts_helper.rb": [
        1,
        null
      ],
      "/home/phu/Documents/RoRTraining/app/models/post.rb": [
        1,
        1,
        null
      ]
    },
    "timestamp": 1443579232
  }
}
